<?xml version="1.0" encoding="UTF-8"?>
<testsuite name="com.bridgelabz.AddressBookTest" tests="1" skipped="0" failures="0" errors="0" timestamp="2021-04-19T04:47:46" hostname="LAPTOP-22472JL6" time="0.02">
  <properties/>
  <testcase name="givenDataWhenAdded_ShouldReturn_True()" classname="com.bridgelabz.AddressBookTest" time="0.02"/>
  <system-out><![CDATA[]]></system-out>
  <system-err><![CDATA[]]></system-err>
</testsuite>
